2019-04-22 21:41:56,574 - INFO - 连接到mysql
2019-04-22 21:41:56,755 - INFO - 连接到mysql
2019-04-22 21:41:56,755 - INFO - 连接到mysql
2019-04-22 21:41:56,755 - INFO - put on online work...
2019-04-22 21:41:56,755 - INFO - put on online work...
2019-04-22 21:41:56,755 - INFO - put on online work...
2019-04-22 21:41:56,756 - INFO - get_bunch
2019-04-22 21:41:56,756 - INFO - get_bunch
2019-04-22 21:41:56,756 - INFO - get_bunch
2019-04-22 21:41:56,756 - INFO - get_bunch
2019-04-22 21:41:56,786 - INFO - OK!
2019-04-22 21:41:56,786 - INFO - OK!
2019-04-22 21:41:56,786 - INFO - OK!
2019-04-22 21:41:56,786 - INFO - OK!
2019-04-22 21:41:56,786 - INFO - OK!
2019-04-22 21:41:56,786 - INFO - get_article
2019-04-22 21:41:56,786 - INFO - get_article
2019-04-22 21:41:56,786 - INFO - get_article
2019-04-22 21:41:56,786 - INFO - get_article
2019-04-22 21:41:56,786 - INFO - get_article
2019-04-22 21:41:56,786 - INFO - get_article
2019-04-22 21:41:57,266 - INFO - OK!
2019-04-22 21:41:57,266 - INFO - OK!
2019-04-22 21:41:57,266 - INFO - OK!
2019-04-22 21:41:57,266 - INFO - OK!
2019-04-22 21:41:57,266 - INFO - OK!
2019-04-22 21:41:57,266 - INFO - OK!
2019-04-22 21:41:57,266 - INFO - OK!
2019-04-22 21:41:57,267 - INFO - vector_manager
2019-04-22 21:41:57,267 - INFO - vector_manager
2019-04-22 21:41:57,267 - INFO - vector_manager
2019-04-22 21:41:57,267 - INFO - vector_manager
2019-04-22 21:41:57,267 - INFO - vector_manager
2019-04-22 21:41:57,267 - INFO - vector_manager
2019-04-22 21:41:57,267 - INFO - vector_manager
2019-04-22 21:41:57,267 - INFO - vector_manager
2019-04-22 21:41:57,367 - INFO - OK!
2019-04-22 21:41:57,367 - INFO - OK!
2019-04-22 21:41:57,367 - INFO - OK!
2019-04-22 21:41:57,367 - INFO - OK!
2019-04-22 21:41:57,367 - INFO - OK!
2019-04-22 21:41:57,367 - INFO - OK!
2019-04-22 21:41:57,367 - INFO - OK!
2019-04-22 21:41:57,367 - INFO - OK!
2019-04-22 21:41:57,367 - INFO - OK!
2019-04-22 21:41:57,368 - INFO - put_weight
2019-04-22 21:41:57,368 - INFO - put_weight
2019-04-22 21:41:57,368 - INFO - put_weight
2019-04-22 21:41:57,368 - INFO - put_weight
2019-04-22 21:41:57,368 - INFO - put_weight
2019-04-22 21:41:57,368 - INFO - put_weight
2019-04-22 21:41:57,368 - INFO - put_weight
2019-04-22 21:41:57,368 - INFO - put_weight
2019-04-22 21:41:57,368 - INFO - put_weight
2019-04-22 21:41:57,368 - INFO - put_weight
